#
# There is insufficient memory for the Java Runtime Environment to continue.
# Native memory allocation (malloc) failed to allocate 32744 bytes for ChunkPool::allocate
# Possible reasons:
#   The system is out of physical RAM or swap space
#   The process is running with CompressedOops enabled, and the Java Heap may be blocking the growth of the native heap
# Possible solutions:
#   Reduce memory load on the system
#   Increase physical memory or swap space
#   Check if swap backing store is full
#   Decrease Java heap size (-Xmx/-Xms)
#   Decrease number of Java threads
#   Decrease Java thread stack sizes (-Xss)
#   Set larger code cache with -XX:ReservedCodeCacheSize=
#   JVM is running with Unscaled Compressed Oops mode in which the Java heap is
#     placed in the first 4GB address space. The Java Heap base address is the
#     maximum limit for the native heap growth. Please use -XX:HeapBaseMinAddress
#     to set the Java Heap base and to place the Java Heap above 4GB virtual address.
# This output file may be truncated or incomplete.
#
#  Out of Memory Error (t:/workspace/open/src/hotspot/share/memory/arena.cpp:80), pid=14160, tid=2600
#
# JRE version: Java(TM) SE Runtime Environment (13.0.2+8) (build 13.0.2+8)
# Java VM: Java HotSpot(TM) 64-Bit Server VM (13.0.2+8, mixed mode, sharing, tiered, compressed oops, g1 gc, windows-amd64)
# No core dump will be written. Minidumps are not enabled by default on client versions of Windows
#

---------------  S U M M A R Y ------------

Command Line: -Dfile.encoding=Cp1251 des1.JEncrytion

Host: Intel(R) Core(TM) i5-7300HQ CPU @ 2.50GHz, 4 cores, 7G,  Windows 10 , 64 bit Build 18362 (10.0.18362.778)
Time: Wed May 13 23:53:29 2020 Oaio?aeuiay Acey (ceia) elapsed time: 2 seconds (0d 0h 0m 2s)

---------------  T H R E A D  ---------------

Current thread (0x000001773f0e5800):  JavaThread "C1 CompilerThread0" daemon [_thread_in_native, id=2600, stack(0x000000153fc00000,0x000000153fd00000)]


Current CompileTask:
C1:   2161  293       3       sun.nio.fs.WindowsPathParser::parse (384 bytes)

Stack: [0x000000153fc00000,0x000000153fd00000]
Native frames: (J=compiled Java code, j=interpreted, Vv=VM code, C=native code)
V  [jvm.dll+0x624f9a]
V  [jvm.dll+0x770cfa]
V  [jvm.dll+0x7724af]
V  [jvm.dll+0x772ab3]
V  [jvm.dll+0x24bf08]
V  [jvm.dll+0xc2076]
V  [jvm.dll+0xc23cc]
V  [jvm.dll+0xcdcea]
V  [jvm.dll+0x156b60]
V  [jvm.dll+0x161cfa]
V  [jvm.dll+0x161e40]
V  [jvm.dll+0x158893]
V  [jvm.dll+0x155ade]
V  [jvm.dll+0x141f30]
V  [jvm.dll+0x12a0d9]
V  [jvm.dll+0x1299df]
V  [jvm.dll+0x129c0f]
V  [jvm.dll+0x128ea7]
V  [jvm.dll+0x12adc7]
V  [jvm.dll+0x213e6d]
V  [jvm.dll+0x2120bb]
V  [jvm.dll+0x736bb6]
V  [jvm.dll+0x72fcaa]
V  [jvm.dll+0x623ea6]
C  [ucrtbase.dll+0x20e72]
C  [KERNEL32.DLL+0x17bd4]
C  [ntdll.dll+0x6ce51]


---------------  P R O C E S S  ---------------

Threads class SMR info:
_java_thread_list=0x000001773fb62bb0, length=11, elements={
0x0000017720aac000, 0x000001773f0aa000, 0x000001773f0ad000, 0x000001773f0c9800,
0x000001773f0cb800, 0x000001773f0cc000, 0x000001773f0e5800, 0x000001773fa48800,
0x000001773fb46000, 0x000001773fb31800, 0x000001773fc36000
}

Java Threads: ( => current thread )
  0x0000017720aac000 JavaThread "main" [_thread_in_vm, id=12484, stack(0x000000153f000000,0x000000153f100000)]
  0x000001773f0aa000 JavaThread "Reference Handler" daemon [_thread_blocked, id=21360, stack(0x000000153f700000,0x000000153f800000)]
  0x000001773f0ad000 JavaThread "Finalizer" daemon [_thread_blocked, id=19976, stack(0x000000153f800000,0x000000153f900000)]
  0x000001773f0c9800 JavaThread "Signal Dispatcher" daemon [_thread_blocked, id=6236, stack(0x000000153f900000,0x000000153fa00000)]
  0x000001773f0cb800 JavaThread "Attach Listener" daemon [_thread_blocked, id=20832, stack(0x000000153fa00000,0x000000153fb00000)]
  0x000001773f0cc000 JavaThread "C2 CompilerThread0" daemon [_thread_in_native, id=14988, stack(0x000000153fb00000,0x000000153fc00000)]
=>0x000001773f0e5800 JavaThread "C1 CompilerThread0" daemon [_thread_in_native, id=2600, stack(0x000000153fc00000,0x000000153fd00000)]
  0x000001773fa48800 JavaThread "Sweeper thread" daemon [_thread_blocked, id=4508, stack(0x000000153fd00000,0x000000153fe00000)]
  0x000001773fb46000 JavaThread "Service Thread" daemon [_thread_blocked, id=5484, stack(0x000000153fe00000,0x000000153ff00000)]
  0x000001773fb31800 JavaThread "Common-Cleaner" daemon [_thread_blocked, id=16448, stack(0x0000001540000000,0x0000001540100000)]
  0x000001773fc36000 JavaThread "C2 CompilerThread1" daemon [_thread_in_native, id=23136, stack(0x0000001540100000,0x0000001540200000)]

Other Threads:
  0x000001773f0a6800 VMThread "VM Thread" [stack: 0x000000153f600000,0x000000153f700000] [id=10796]
  0x000001773fb4a800 WatcherThread [stack: 0x000000153ff00000,0x0000001540000000] [id=7488]
  0x0000017720af1000 GCTaskThread "GC Thread#0" [stack: 0x000000153f100000,0x000000153f200000] [id=14204]
  0x0000017720b03000 ConcurrentGCThread "G1 Main Marker" [stack: 0x000000153f200000,0x000000153f300000] [id=20940]
  0x0000017720b04000 ConcurrentGCThread "G1 Conc#0" [stack: 0x000000153f300000,0x000000153f400000] [id=16136]
  0x0000017720b7e000 ConcurrentGCThread "G1 Refine#0" [stack: 0x000000153f400000,0x000000153f500000] [id=22104]
  0x000001773ef2a800 ConcurrentGCThread "G1 Young RemSet Sampling" [stack: 0x000000153f500000,0x000000153f600000] [id=16304]

Threads with active compile tasks:
C2 CompilerThread0     2428  308       4       java.lang.AbstractStringBuilder::append (45 bytes)
C1 CompilerThread0     2428  293       3       sun.nio.fs.WindowsPathParser::parse (384 bytes)
C2 CompilerThread1     2429  296       4       java.lang.StringLatin1::lastIndexOf (40 bytes)

VM state:not at safepoint (normal execution)

VM Mutex/Monitor currently owned by a thread: None

Heap address: 0x0000000081c00000, size: 2020 MB, Compressed Oops mode: 32-bit
Narrow klass base: 0x0000000800000000, Narrow klass shift: 3
Compressed class space size: 1073741824 Address: 0x0000000800b40000

Heap:
 garbage-first heap   total 131072K, used 2048K [0x0000000081c00000, 0x0000000100000000)
  region size 1024K, 3 young (3072K), 0 survivors (0K)
 Metaspace       used 1305K, capacity 4636K, committed 4864K, reserved 1056768K
  class space    used 143K, capacity 438K, committed 512K, reserved 1048576K
Heap Regions: E=young(eden), S=young(survivor), O=old, HS=humongous(starts), HC=humongous(continues), CS=collection set, F=free, A=archive, TAMS=top-at-mark-start (previous, next)
|   0|0x0000000081c00000, 0x0000000081c00000, 0x0000000081d00000|  0%| F|  |TAMS 0x0000000081c00000, 0x0000000081c00000| Untracked 
|   1|0x0000000081d00000, 0x0000000081d00000, 0x0000000081e00000|  0%| F|  |TAMS 0x0000000081d00000, 0x0000000081d00000| Untracked 
|   2|0x0000000081e00000, 0x0000000081e00000, 0x0000000081f00000|  0%| F|  |TAMS 0x0000000081e00000, 0x0000000081e00000| Untracked 
|   3|0x0000000081f00000, 0x0000000081f00000, 0x0000000082000000|  0%| F|  |TAMS 0x0000000081f00000, 0x0000000081f00000| Untracked 
|   4|0x0000000082000000, 0x0000000082000000, 0x0000000082100000|  0%| F|  |TAMS 0x0000000082000000, 0x0000000082000000| Untracked 
|   5|0x0000000082100000, 0x0000000082100000, 0x0000000082200000|  0%| F|  |TAMS 0x0000000082100000, 0x0000000082100000| Untracked 
|   6|0x0000000082200000, 0x0000000082200000, 0x0000000082300000|  0%| F|  |TAMS 0x0000000082200000, 0x0000000082200000| Untracked 
|   7|0x0000000082300000, 0x0000000082300000, 0x0000000082400000|  0%| F|  |TAMS 0x0000000082300000, 0x0000000082300000| Untracked 
|   8|0x0000000082400000, 0x0000000082400000, 0x0000000082500000|  0%| F|  |TAMS 0x0000000082400000, 0x0000000082400000| Untracked 
|   9|0x0000000082500000, 0x0000000082500000, 0x0000000082600000|  0%| F|  |TAMS 0x0000000082500000, 0x0000000082500000| Untracked 
|  10|0x0000000082600000, 0x0000000082600000, 0x0000000082700000|  0%| F|  |TAMS 0x0000000082600000, 0x0000000082600000| Untracked 
|  11|0x0000000082700000, 0x0000000082700000, 0x0000000082800000|  0%| F|  |TAMS 0x0000000082700000, 0x0000000082700000| Untracked 
|  12|0x0000000082800000, 0x0000000082800000, 0x0000000082900000|  0%| F|  |TAMS 0x0000000082800000, 0x0000000082800000| Untracked 
|  13|0x0000000082900000, 0x0000000082900000, 0x0000000082a00000|  0%| F|  |TAMS 0x0000000082900000, 0x0000000082900000| Untracked 
|  14|0x0000000082a00000, 0x0000000082a00000, 0x0000000082b00000|  0%| F|  |TAMS 0x0000000082a00000, 0x0000000082a00000| Untracked 
|  15|0x0000000082b00000, 0x0000000082b00000, 0x0000000082c00000|  0%| F|  |TAMS 0x0000000082b00000, 0x0000000082b00000| Untracked 
|  16|0x0000000082c00000, 0x0000000082c00000, 0x0000000082d00000|  0%| F|  |TAMS 0x0000000082c00000, 0x0000000082c00000| Untracked 
|  17|0x0000000082d00000, 0x0000000082d00000, 0x0000000082e00000|  0%| F|  |TAMS 0x0000000082d00000, 0x0000000082d00000| Untracked 
|  18|0x0000000082e00000, 0x0000000082e00000, 0x0000000082f00000|  0%| F|  |TAMS 0x0000000082e00000, 0x0000000082e00000| Untracked 
|  19|0x0000000082f00000, 0x0000000082f00000, 0x0000000083000000|  0%| F|  |TAMS 0x0000000082f00000, 0x0000000082f00000| Untracked 
|  20|0x0000000083000000, 0x0000000083000000, 0x0000000083100000|  0%| F|  |TAMS 0x0000000083000000, 0x0000000083000000| Untracked 
|  21|0x0000000083100000, 0x0000000083100000, 0x0000000083200000|  0%| F|  |TAMS 0x0000000083100000, 0x0000000083100000| Untracked 
|  22|0x0000000083200000, 0x0000000083200000, 0x0000000083300000|  0%| F|  |TAMS 0x0000000083200000, 0x0000000083200000| Untracked 
|  23|0x0000000083300000, 0x0000000083300000, 0x0000000083400000|  0%| F|  |TAMS 0x0000000083300000, 0x0000000083300000| Untracked 
|  24|0x0000000083400000, 0x0000000083400000, 0x0000000083500000|  0%| F|  |TAMS 0x0000000083400000, 0x0000000083400000| Untracked 
|  25|0x0000000083500000, 0x0000000083500000, 0x0000000083600000|  0%| F|  |TAMS 0x0000000083500000, 0x0000000083500000| Untracked 
|  26|0x0000000083600000, 0x0000000083600000, 0x0000000083700000|  0%| F|  |TAMS 0x0000000083600000, 0x0000000083600000| Untracked 
|  27|0x0000000083700000, 0x0000000083700000, 0x0000000083800000|  0%| F|  |TAMS 0x0000000083700000, 0x0000000083700000| Untracked 
|  28|0x0000000083800000, 0x0000000083800000, 0x0000000083900000|  0%| F|  |TAMS 0x0000000083800000, 0x0000000083800000| Untracked 
|  29|0x0000000083900000, 0x0000000083900000, 0x0000000083a00000|  0%| F|  |TAMS 0x0000000083900000, 0x0000000083900000| Untracked 
|  30|0x0000000083a00000, 0x0000000083a00000, 0x0000000083b00000|  0%| F|  |TAMS 0x0000000083a00000, 0x0000000083a00000| Untracked 
|  31|0x0000000083b00000, 0x0000000083b00000, 0x0000000083c00000|  0%| F|  |TAMS 0x0000000083b00000, 0x0000000083b00000| Untracked 
|  32|0x0000000083c00000, 0x0000000083c00000, 0x0000000083d00000|  0%| F|  |TAMS 0x0000000083c00000, 0x0000000083c00000| Untracked 
|  33|0x0000000083d00000, 0x0000000083d00000, 0x0000000083e00000|  0%| F|  |TAMS 0x0000000083d00000, 0x0000000083d00000| Untracked 
|  34|0x0000000083e00000, 0x0000000083e00000, 0x0000000083f00000|  0%| F|  |TAMS 0x0000000083e00000, 0x0000000083e00000| Untracked 
|  35|0x0000000083f00000, 0x0000000083f00000, 0x0000000084000000|  0%| F|  |TAMS 0x0000000083f00000, 0x0000000083f00000| Untracked 
|  36|0x0000000084000000, 0x0000000084000000, 0x0000000084100000|  0%| F|  |TAMS 0x0000000084000000, 0x0000000084000000| Untracked 
|  37|0x0000000084100000, 0x0000000084100000, 0x0000000084200000|  0%| F|  |TAMS 0x0000000084100000, 0x0000000084100000| Untracked 
|  38|0x0000000084200000, 0x0000000084200000, 0x0000000084300000|  0%| F|  |TAMS 0x0000000084200000, 0x0000000084200000| Untracked 
|  39|0x0000000084300000, 0x0000000084300000, 0x0000000084400000|  0%| F|  |TAMS 0x0000000084300000, 0x0000000084300000| Untracked 
|  40|0x0000000084400000, 0x0000000084400000, 0x0000000084500000|  0%| F|  |TAMS 0x0000000084400000, 0x0000000084400000| Untracked 
|  41|0x0000000084500000, 0x0000000084500000, 0x0000000084600000|  0%| F|  |TAMS 0x0000000084500000, 0x0000000084500000| Untracked 
|  42|0x0000000084600000, 0x0000000084600000, 0x0000000084700000|  0%| F|  |TAMS 0x0000000084600000, 0x0000000084600000| Untracked 
|  43|0x0000000084700000, 0x0000000084700000, 0x0000000084800000|  0%| F|  |TAMS 0x0000000084700000, 0x0000000084700000| Untracked 
|  44|0x0000000084800000, 0x0000000084800000, 0x0000000084900000|  0%| F|  |TAMS 0x0000000084800000, 0x0000000084800000| Untracked 
|  45|0x0000000084900000, 0x0000000084900000, 0x0000000084a00000|  0%| F|  |TAMS 0x0000000084900000, 0x0000000084900000| Untracked 
|  46|0x0000000084a00000, 0x0000000084a00000, 0x0000000084b00000|  0%| F|  |TAMS 0x0000000084a00000, 0x0000000084a00000| Untracked 
|  47|0x0000000084b00000, 0x0000000084b00000, 0x0000000084c00000|  0%| F|  |TAMS 0x0000000084b00000, 0x0000000084b00000| Untracked 
|  48|0x0000000084c00000, 0x0000000084c00000, 0x0000000084d00000|  0%| F|  |TAMS 0x0000000084c00000, 0x0000000084c00000| Untracked 
|  49|0x0000000084d00000, 0x0000000084d00000, 0x0000000084e00000|  0%| F|  |TAMS 0x0000000084d00000, 0x0000000084d00000| Untracked 
|  50|0x0000000084e00000, 0x0000000084e00000, 0x0000000084f00000|  0%| F|  |TAMS 0x0000000084e00000, 0x0000000084e00000| Untracked 
|  51|0x0000000084f00000, 0x0000000084f00000, 0x0000000085000000|  0%| F|  |TAMS 0x0000000084f00000, 0x0000000084f00000| Untracked 
|  52|0x0000000085000000, 0x0000000085000000, 0x0000000085100000|  0%| F|  |TAMS 0x0000000085000000, 0x0000000085000000| Untracked 
|  53|0x0000000085100000, 0x0000000085100000, 0x0000000085200000|  0%| F|  |TAMS 0x0000000085100000, 0x0000000085100000| Untracked 
|  54|0x0000000085200000, 0x0000000085200000, 0x0000000085300000|  0%| F|  |TAMS 0x0000000085200000, 0x0000000085200000| Untracked 
|  55|0x0000000085300000, 0x0000000085300000, 0x0000000085400000|  0%| F|  |TAMS 0x0000000085300000, 0x0000000085300000| Untracked 
|  56|0x0000000085400000, 0x0000000085400000, 0x0000000085500000|  0%| F|  |TAMS 0x0000000085400000, 0x0000000085400000| Untracked 
|  57|0x0000000085500000, 0x0000000085500000, 0x0000000085600000|  0%| F|  |TAMS 0x0000000085500000, 0x0000000085500000| Untracked 
|  58|0x0000000085600000, 0x0000000085600000, 0x0000000085700000|  0%| F|  |TAMS 0x0000000085600000, 0x0000000085600000| Untracked 
|  59|0x0000000085700000, 0x0000000085700000, 0x0000000085800000|  0%| F|  |TAMS 0x0000000085700000, 0x0000000085700000| Untracked 
|  60|0x0000000085800000, 0x0000000085800000, 0x0000000085900000|  0%| F|  |TAMS 0x0000000085800000, 0x0000000085800000| Untracked 
|  61|0x0000000085900000, 0x0000000085900000, 0x0000000085a00000|  0%| F|  |TAMS 0x0000000085900000, 0x0000000085900000| Untracked 
|  62|0x0000000085a00000, 0x0000000085a00000, 0x0000000085b00000|  0%| F|  |TAMS 0x0000000085a00000, 0x0000000085a00000| Untracked 
|  63|0x0000000085b00000, 0x0000000085b00000, 0x0000000085c00000|  0%| F|  |TAMS 0x0000000085b00000, 0x0000000085b00000| Untracked 
|  64|0x0000000085c00000, 0x0000000085c00000, 0x0000000085d00000|  0%| F|  |TAMS 0x0000000085c00000, 0x0000000085c00000| Untracked 
|  65|0x0000000085d00000, 0x0000000085d00000, 0x0000000085e00000|  0%| F|  |TAMS 0x0000000085d00000, 0x0000000085d00000| Untracked 
|  66|0x0000000085e00000, 0x0000000085e00000, 0x0000000085f00000|  0%| F|  |TAMS 0x0000000085e00000, 0x0000000085e00000| Untracked 
|  67|0x0000000085f00000, 0x0000000085f00000, 0x0000000086000000|  0%| F|  |TAMS 0x0000000085f00000, 0x0000000085f00000| Untracked 
|  68|0x0000000086000000, 0x0000000086000000, 0x0000000086100000|  0%| F|  |TAMS 0x0000000086000000, 0x0000000086000000| Untracked 
|  69|0x0000000086100000, 0x0000000086100000, 0x0000000086200000|  0%| F|  |TAMS 0x0000000086100000, 0x0000000086100000| Untracked 
|  70|0x0000000086200000, 0x0000000086200000, 0x0000000086300000|  0%| F|  |TAMS 0x0000000086200000, 0x0000000086200000| Untracked 
|  71|0x0000000086300000, 0x0000000086300000, 0x0000000086400000|  0%| F|  |TAMS 0x0000000086300000, 0x0000000086300000| Untracked 
|  72|0x0000000086400000, 0x0000000086400000, 0x0000000086500000|  0%| F|  |TAMS 0x0000000086400000, 0x0000000086400000| Untracked 
|  73|0x0000000086500000, 0x0000000086500000, 0x0000000086600000|  0%| F|  |TAMS 0x0000000086500000, 0x0000000086500000| Untracked 
|  74|0x0000000086600000, 0x0000000086600000, 0x0000000086700000|  0%| F|  |TAMS 0x0000000086600000, 0x0000000086600000| Untracked 
|  75|0x0000000086700000, 0x0000000086700000, 0x0000000086800000|  0%| F|  |TAMS 0x0000000086700000, 0x0000000086700000| Untracked 
|  76|0x0000000086800000, 0x0000000086800000, 0x0000000086900000|  0%| F|  |TAMS 0x0000000086800000, 0x0000000086800000| Untracked 
|  77|0x0000000086900000, 0x0000000086900000, 0x0000000086a00000|  0%| F|  |TAMS 0x0000000086900000, 0x0000000086900000| Untracked 
|  78|0x0000000086a00000, 0x0000000086a00000, 0x0000000086b00000|  0%| F|  |TAMS 0x0000000086a00000, 0x0000000086a00000| Untracked 
|  79|0x0000000086b00000, 0x0000000086b00000, 0x0000000086c00000|  0%| F|  |TAMS 0x0000000086b00000, 0x0000000086b00000| Untracked 
|  80|0x0000000086c00000, 0x0000000086c00000, 0x0000000086d00000|  0%| F|  |TAMS 0x0000000086c00000, 0x0000000086c00000| Untracked 
|  81|0x0000000086d00000, 0x0000000086d00000, 0x0000000086e00000|  0%| F|  |TAMS 0x0000000086d00000, 0x0000000086d00000| Untracked 
|  82|0x0000000086e00000, 0x0000000086e00000, 0x0000000086f00000|  0%| F|  |TAMS 0x0000000086e00000, 0x0000000086e00000| Untracked 
|  83|0x0000000086f00000, 0x0000000086f00000, 0x0000000087000000|  0%| F|  |TAMS 0x0000000086f00000, 0x0000000086f00000| Untracked 
|  84|0x0000000087000000, 0x0000000087000000, 0x0000000087100000|  0%| F|  |TAMS 0x0000000087000000, 0x0000000087000000| Untracked 
|  85|0x0000000087100000, 0x0000000087100000, 0x0000000087200000|  0%| F|  |TAMS 0x0000000087100000, 0x0000000087100000| Untracked 
|  86|0x0000000087200000, 0x0000000087200000, 0x0000000087300000|  0%| F|  |TAMS 0x0000000087200000, 0x0000000087200000| Untracked 
|  87|0x0000000087300000, 0x0000000087300000, 0x0000000087400000|  0%| F|  |TAMS 0x0000000087300000, 0x0000000087300000| Untracked 
|  88|0x0000000087400000, 0x0000000087400000, 0x0000000087500000|  0%| F|  |TAMS 0x0000000087400000, 0x0000000087400000| Untracked 
|  89|0x0000000087500000, 0x0000000087500000, 0x0000000087600000|  0%| F|  |TAMS 0x0000000087500000, 0x0000000087500000| Untracked 
|  90|0x0000000087600000, 0x0000000087600000, 0x0000000087700000|  0%| F|  |TAMS 0x0000000087600000, 0x0000000087600000| Untracked 
|  91|0x0000000087700000, 0x0000000087700000, 0x0000000087800000|  0%| F|  |TAMS 0x0000000087700000, 0x0000000087700000| Untracked 
|  92|0x0000000087800000, 0x0000000087800000, 0x0000000087900000|  0%| F|  |TAMS 0x0000000087800000, 0x0000000087800000| Untracked 
|  93|0x0000000087900000, 0x0000000087900000, 0x0000000087a00000|  0%| F|  |TAMS 0x0000000087900000, 0x0000000087900000| Untracked 
|  94|0x0000000087a00000, 0x0000000087a00000, 0x0000000087b00000|  0%| F|  |TAMS 0x0000000087a00000, 0x0000000087a00000| Untracked 
|  95|0x0000000087b00000, 0x0000000087b00000, 0x0000000087c00000|  0%| F|  |TAMS 0x0000000087b00000, 0x0000000087b00000| Untracked 
|  96|0x0000000087c00000, 0x0000000087c00000, 0x0000000087d00000|  0%| F|  |TAMS 0x0000000087c00000, 0x0000000087c00000| Untracked 
|  97|0x0000000087d00000, 0x0000000087d00000, 0x0000000087e00000|  0%| F|  |TAMS 0x0000000087d00000, 0x0000000087d00000| Untracked 
|  98|0x0000000087e00000, 0x0000000087e00000, 0x0000000087f00000|  0%| F|  |TAMS 0x0000000087e00000, 0x0000000087e00000| Untracked 
|  99|0x0000000087f00000, 0x0000000087f00000, 0x0000000088000000|  0%| F|  |TAMS 0x0000000087f00000, 0x0000000087f00000| Untracked 
| 100|0x0000000088000000, 0x0000000088000000, 0x0000000088100000|  0%| F|  |TAMS 0x0000000088000000, 0x0000000088000000| Untracked 
| 101|0x0000000088100000, 0x0000000088100000, 0x0000000088200000|  0%| F|  |TAMS 0x0000000088100000, 0x0000000088100000| Untracked 
| 102|0x0000000088200000, 0x0000000088200000, 0x0000000088300000|  0%| F|  |TAMS 0x0000000088200000, 0x0000000088200000| Untracked 
| 103|0x0000000088300000, 0x0000000088300000, 0x0000000088400000|  0%| F|  |TAMS 0x0000000088300000, 0x0000000088300000| Untracked 
| 104|0x0000000088400000, 0x0000000088400000, 0x0000000088500000|  0%| F|  |TAMS 0x0000000088400000, 0x0000000088400000| Untracked 
| 105|0x0000000088500000, 0x0000000088500000, 0x0000000088600000|  0%| F|  |TAMS 0x0000000088500000, 0x0000000088500000| Untracked 
| 106|0x0000000088600000, 0x0000000088600000, 0x0000000088700000|  0%| F|  |TAMS 0x0000000088600000, 0x0000000088600000| Untracked 
| 107|0x0000000088700000, 0x0000000088700000, 0x0000000088800000|  0%| F|  |TAMS 0x0000000088700000, 0x0000000088700000| Untracked 
| 108|0x0000000088800000, 0x0000000088800000, 0x0000000088900000|  0%| F|  |TAMS 0x0000000088800000, 0x0000000088800000| Untracked 
| 109|0x0000000088900000, 0x0000000088900000, 0x0000000088a00000|  0%| F|  |TAMS 0x0000000088900000, 0x0000000088900000| Untracked 
| 110|0x0000000088a00000, 0x0000000088a00000, 0x0000000088b00000|  0%| F|  |TAMS 0x0000000088a00000, 0x0000000088a00000| Untracked 
| 111|0x0000000088b00000, 0x0000000088b00000, 0x0000000088c00000|  0%| F|  |TAMS 0x0000000088b00000, 0x0000000088b00000| Untracked 
| 112|0x0000000088c00000, 0x0000000088c00000, 0x0000000088d00000|  0%| F|  |TAMS 0x0000000088c00000, 0x0000000088c00000| Untracked 
| 113|0x0000000088d00000, 0x0000000088d00000, 0x0000000088e00000|  0%| F|  |TAMS 0x0000000088d00000, 0x0000000088d00000| Untracked 
| 114|0x0000000088e00000, 0x0000000088e00000, 0x0000000088f00000|  0%| F|  |TAMS 0x0000000088e00000, 0x0000000088e00000| Untracked 
| 115|0x0000000088f00000, 0x0000000088f00000, 0x0000000089000000|  0%| F|  |TAMS 0x0000000088f00000, 0x0000000088f00000| Untracked 
| 116|0x0000000089000000, 0x0000000089000000, 0x0000000089100000|  0%| F|  |TAMS 0x0000000089000000, 0x0000000089000000| Untracked 
| 117|0x0000000089100000, 0x0000000089100000, 0x0000000089200000|  0%| F|  |TAMS 0x0000000089100000, 0x0000000089100000| Untracked 
| 118|0x0000000089200000, 0x0000000089200000, 0x0000000089300000|  0%| F|  |TAMS 0x0000000089200000, 0x0000000089200000| Untracked 
| 119|0x0000000089300000, 0x0000000089300000, 0x0000000089400000|  0%| F|  |TAMS 0x0000000089300000, 0x0000000089300000| Untracked 
| 120|0x0000000089400000, 0x0000000089400000, 0x0000000089500000|  0%| F|  |TAMS 0x0000000089400000, 0x0000000089400000| Untracked 
| 121|0x0000000089500000, 0x0000000089500000, 0x0000000089600000|  0%| F|  |TAMS 0x0000000089500000, 0x0000000089500000| Untracked 
| 122|0x0000000089600000, 0x0000000089600000, 0x0000000089700000|  0%| F|  |TAMS 0x0000000089600000, 0x0000000089600000| Untracked 
| 123|0x0000000089700000, 0x0000000089700000, 0x0000000089800000|  0%| F|  |TAMS 0x0000000089700000, 0x0000000089700000| Untracked 
| 124|0x0000000089800000, 0x0000000089800000, 0x0000000089900000|  0%| F|  |TAMS 0x0000000089800000, 0x0000000089800000| Untracked 
| 125|0x0000000089900000, 0x0000000089a00000, 0x0000000089a00000|100%| E|  |TAMS 0x0000000089900000, 0x0000000089900000| Complete 
| 126|0x0000000089a00000, 0x0000000089b00000, 0x0000000089b00000|100%| E|CS|TAMS 0x0000000089a00000, 0x0000000089a00000| Complete 
| 127|0x0000000089b00000, 0x0000000089c00000, 0x0000000089c00000|100%| E|CS|TAMS 0x0000000089b00000, 0x0000000089b00000| Complete 

Card table byte_map: [0x00000177383b0000,0x00000177387b0000] _byte_map_base: 0x0000017737fa2000

Marking Bits (Prev, Next): (CMBitMap*) 0x0000017720af1ad8, (CMBitMap*) 0x0000017720af1b18
 Prev Bits: [0x0000017738bb0000, 0x000001773ab40000)
 Next Bits: [0x000001773ab40000, 0x000001773cad0000)

Polling page: 0x000001771e8a0000

Metaspace:

Usage:
  Non-class:      4.10 MB capacity,     1.13 MB ( 28%) used,     2.96 MB ( 72%) free+waste,     1.56 KB ( <1%) overhead. 
      Class:    438.00 KB capacity,   143.98 KB ( 33%) used,   292.83 KB ( 67%) free+waste,     1.19 KB ( <1%) overhead. 
       Both:      4.53 MB capacity,     1.27 MB ( 28%) used,     3.25 MB ( 72%) free+waste,     2.75 KB ( <1%) overhead. 

Virtual space:
  Non-class space:        8.00 MB reserved,       4.25 MB ( 53%) committed 
      Class space:        1.00 GB reserved,     512.00 KB ( <1%) committed 
             Both:        1.01 GB reserved,       4.75 MB ( <1%) committed 

Chunk freelists:
   Non-Class:  26.00 KB
       Class:  10.00 KB
        Both:  36.00 KB

MaxMetaspaceSize: 17179869184.00 GB
CompressedClassSpaceSize: 1.00 GB

CodeHeap 'non-profiled nmethods': size=120000Kb used=96Kb max_used=96Kb free=119903Kb
 bounds [0x0000017730a80000, 0x0000017730cf0000, 0x0000017737fb0000]
CodeHeap 'profiled nmethods': size=120000Kb used=410Kb max_used=410Kb free=119590Kb
 bounds [0x0000017729550000, 0x00000177297c0000, 0x0000017730a80000]
CodeHeap 'non-nmethods': size=5760Kb used=1136Kb max_used=1150Kb free=4623Kb
 bounds [0x0000017728fb0000, 0x0000017729220000, 0x0000017729550000]
 total_blobs=1023 nmethods=298 adapters=286
 compilation: enabled
              stopped_count=0, restarted_count=0
 full_count=0

Compilation events (20 events):
Event: 2.087 Thread 0x000001773f0e5800  283       3       sun.security.provider.DigestBase::engineUpdate (189 bytes)
Event: 2.089 Thread 0x000001773f0e5800 nmethod 283 0x00000177295b3c10 code [0x00000177295b3e80, 0x00000177295b4c50]
Event: 2.089 Thread 0x000001773f0e5800  288       3       java.security.MessageDigest$Delegate::engineUpdate (11 bytes)
Event: 2.090 Thread 0x000001773fc36000  296       4       java.lang.StringLatin1::lastIndexOf (40 bytes)
Event: 2.090 Thread 0x000001773f0e5800 nmethod 288 0x00000177295b5010 code [0x00000177295b51c0, 0x00000177295b5410]
Event: 2.090 Thread 0x000001773f0e5800  292       3       java.lang.ref.WeakReference::<init> (6 bytes)
Event: 2.090 Thread 0x000001773f0cc000 nmethod 285 0x0000017730a96690 code [0x0000017730a96820, 0x0000017730a96a78]
Event: 2.090 Thread 0x000001773f0cc000  286       4       java.lang.Integer::reverseBytes (28 bytes)
Event: 2.090 Thread 0x000001773f0e5800 nmethod 292 0x00000177295b5510 code [0x00000177295b56e0, 0x00000177295b5a58]
Event: 2.090 Thread 0x000001773f0e5800  297       3       java.lang.String::substring (68 bytes)
Event: 2.091 Thread 0x000001773f0cc000 nmethod 286 0x0000017730a96b90 code [0x0000017730a96d00, 0x0000017730a96d78]
Event: 2.091 Thread 0x000001773f0cc000  295       4       jdk.internal.misc.Unsafe::getInt (7 bytes)
Event: 2.092 Thread 0x000001773f0cc000 nmethod 295 0x0000017730a96e90 code [0x0000017730a97020, 0x0000017730a97098]
Event: 2.092 Thread 0x000001773f0cc000  298       4       jdk.internal.misc.Unsafe::getLong (7 bytes)
Event: 2.092 Thread 0x000001773f0e5800 nmethod 297 0x00000177295b5b90 code [0x00000177295b5dc0, 0x00000177295b65a0]
Event: 2.092 Thread 0x000001773f0e5800  293       3       sun.nio.fs.WindowsPathParser::parse (384 bytes)
Event: 2.092 Thread 0x000001773f0cc000 nmethod 298 0x0000017730a97190 code [0x0000017730a97320, 0x0000017730a97398]
Event: 2.094 Thread 0x000001773f0cc000  307       4       java.lang.String::getBytes (44 bytes)
Event: 2.097 Thread 0x000001773f0cc000 nmethod 307 0x0000017730a97990 code [0x0000017730a97b20, 0x0000017730a97c58]
Event: 2.097 Thread 0x000001773f0cc000  308       4       java.lang.AbstractStringBuilder::append (45 bytes)

GC Heap History (0 events):
No events

Deoptimization events (4 events):
Event: 0.242 Thread 0x0000017720aac000 Uncommon trap: trap_request=0xffffff45 fr.pc=0x0000017730a84ba0 relative=0x0000000000000200
Event: 0.242 Thread 0x0000017720aac000 Uncommon trap: reason=unstable_if action=reinterpret pc=0x0000017730a84ba0 method=java.lang.String.hashCode()I @ 42 c2
Event: 0.242 Thread 0x0000017720aac000 DEOPT PACKING pc=0x0000017730a84ba0 sp=0x000000153f0fdd10
Event: 0.243 Thread 0x0000017720aac000 DEOPT UNPACKING pc=0x0000017728ff912f sp=0x000000153f0fdca8 mode 2

Classes unloaded (0 events):
No events

Classes redefined (0 events):
No events

Internal exceptions (3 events):
Event: 1.281 Thread 0x0000017720aac000 Exception <a 'java/lang/NoSuchMethodError'{0x0000000089af8c98}: 'java.lang.Object java.lang.invoke.DirectMethodHandle$Holder.invokeStaticInit(java.lang.Object, int, int, int, int)'> (0x0000000089af8c98) 
thrown [t:/workspace/open/src/hotspot/share/interpreter/linkResolver.cpp, line 767]
Event: 1.299 Thread 0x0000017720aac000 Exception <a 'sun/nio/fs/WindowsException'{0x0000000089900c58}> (0x0000000089900c58) 
thrown [t:/workspace/open/src/hotspot/share/prims/jni.cpp, line 598]
Event: 1.302 Thread 0x0000017720aac000 Exception <a 'java/lang/NoSuchMethodError'{0x0000000089903040}: 'int java.lang.invoke.DirectMethodHandle$Holder.invokeSpecialIFC(java.lang.Object, java.lang.Object, int)'> (0x0000000089903040) 
thrown [t:/workspace/open/src/hotspot/share/interpreter/linkResolver.cpp, line 767]

Events (20 events):
Event: 1.416 loading class java/security/MessageDigest done
Event: 1.417 loading class sun/security/provider/SHA
Event: 1.418 loading class sun/security/provider/DigestBase
Event: 1.418 loading class sun/security/provider/DigestBase done
Event: 1.418 loading class sun/security/provider/SHA done
Event: 1.419 loading class java/security/MessageDigest$Delegate
Event: 1.419 loading class sun/security/util/MessageDigestSpi2
Event: 1.419 loading class sun/security/util/MessageDigestSpi2 done
Event: 1.419 loading class java/security/MessageDigest$Delegate done
Event: 1.419 loading class sun/security/provider/SeedGenerator$1
Event: 1.419 loading class sun/security/provider/SeedGenerator$1 done
Event: 1.420 loading class sun/security/provider/ByteArrayAccess
Event: 1.421 loading class sun/security/provider/ByteArrayAccess done
Event: 1.427 Executing VM operation: Deoptimize
Event: 1.428 Executing VM operation: Deoptimize done
Event: 2.040 loading class java/net/NetworkInterface$2
Event: 2.040 loading class java/net/NetworkInterface$2 done
Event: 2.065 loading class java/nio/file/Files$AcceptAllFilter
Event: 2.065 loading class java/nio/file/Files$AcceptAllFilter done
Event: 2.089 Thread 0x000001773fc36000 Thread added: 0x000001773fc36000


Dynamic libraries:
0x00007ff721cc0000 - 0x00007ff721ccf000 	C:\Program Files\Java\jdk-13.0.2\bin\javaw.exe
0x00007ffaf4820000 - 0x00007ffaf4a10000 	C:\Windows\SYSTEM32\ntdll.dll
0x00007ffaf2a80000 - 0x00007ffaf2b32000 	C:\Windows\System32\KERNEL32.DLL
0x00007ffaf1a80000 - 0x00007ffaf1d23000 	C:\Windows\System32\KERNELBASE.dll
0x00007ffaf2570000 - 0x00007ffaf266a000 	C:\Windows\System32\ucrtbase.dll
0x00007ffab83f0000 - 0x00007ffab8405000 	C:\Program Files\Java\jdk-13.0.2\bin\VCRUNTIME140.dll
0x00007ffab8410000 - 0x00007ffab8428000 	C:\Program Files\Java\jdk-13.0.2\bin\jli.dll
0x00007ffaf3ce0000 - 0x00007ffaf3d83000 	C:\Windows\System32\ADVAPI32.dll
0x00007ffaf3c30000 - 0x00007ffaf3cce000 	C:\Windows\System32\msvcrt.dll
0x00007ffaf4740000 - 0x00007ffaf47d7000 	C:\Windows\System32\sechost.dll
0x00007ffaf2c90000 - 0x00007ffaf2db0000 	C:\Windows\System32\RPCRT4.dll
0x00007ffaf3030000 - 0x00007ffaf31c4000 	C:\Windows\System32\USER32.dll
0x00007ffaf1d30000 - 0x00007ffaf1d51000 	C:\Windows\System32\win32u.dll
0x00007ffaf4100000 - 0x00007ffaf4126000 	C:\Windows\System32\GDI32.dll
0x00007ffaf2670000 - 0x00007ffaf2804000 	C:\Windows\System32\gdi32full.dll
0x00007ffaf2810000 - 0x00007ffaf28ae000 	C:\Windows\System32\msvcp_win.dll
0x00007ffae2a80000 - 0x00007ffae2d05000 	C:\Windows\WinSxS\amd64_microsoft.windows.common-controls_6595b64144ccf1df_6.0.18362.778_none_e6c6b761130d4fb8\COMCTL32.dll
0x00007ffaf3d90000 - 0x00007ffaf40c6000 	C:\Windows\System32\combase.dll
0x00007ffaf1800000 - 0x00007ffaf1880000 	C:\Windows\System32\bcryptPrimitives.dll
0x00007ffaec7b0000 - 0x00007ffaec7ba000 	C:\Windows\SYSTEM32\VERSION.dll
0x00007ffaf40d0000 - 0x00007ffaf40fe000 	C:\Windows\System32\IMM32.DLL
0x00007ffaaf590000 - 0x00007ffaaf62b000 	C:\Program Files\Java\jdk-13.0.2\bin\msvcp140.dll
0x00007ffab8570000 - 0x00007ffab90cd000 	C:\Program Files\Java\jdk-13.0.2\bin\server\jvm.dll
0x00007ffaf2a70000 - 0x00007ffaf2a78000 	C:\Windows\System32\PSAPI.DLL
0x00007ffae75c0000 - 0x00007ffae75c9000 	C:\Windows\SYSTEM32\WSOCK32.dll
0x00007ffaf3420000 - 0x00007ffaf348f000 	C:\Windows\System32\WS2_32.dll
0x00007ffae8ab0000 - 0x00007ffae8ad4000 	C:\Windows\SYSTEM32\WINMM.dll
0x00007ffae8a80000 - 0x00007ffae8aad000 	C:\Windows\SYSTEM32\winmmbase.dll
0x00007ffaf17b0000 - 0x00007ffaf17fa000 	C:\Windows\System32\cfgmgr32.dll
0x00007ffaf1790000 - 0x00007ffaf17a1000 	C:\Windows\System32\kernel.appcore.dll
0x00007ffaec7a0000 - 0x00007ffaec7b0000 	C:\Program Files\Java\jdk-13.0.2\bin\verify.dll
0x00007ffaf02e0000 - 0x00007ffaf04d4000 	C:\Windows\SYSTEM32\DBGHELP.DLL
0x00007ffaea7f0000 - 0x00007ffaea81a000 	C:\Windows\SYSTEM32\dbgcore.DLL
0x00007ffab9760000 - 0x00007ffab9786000 	C:\Program Files\Java\jdk-13.0.2\bin\java.dll
0x00007ffab9140000 - 0x00007ffab9157000 	C:\Program Files\Java\jdk-13.0.2\bin\zip.dll
0x00007ffaca340000 - 0x00007ffaca34a000 	C:\Program Files\Java\jdk-13.0.2\bin\jimage.dll
0x00007ffaf3540000 - 0x00007ffaf3c25000 	C:\Windows\System32\SHELL32.dll
0x00007ffaf4690000 - 0x00007ffaf4739000 	C:\Windows\System32\shcore.dll
0x00007ffaf1d60000 - 0x00007ffaf24e0000 	C:\Windows\System32\windows.storage.dll
0x00007ffaf1760000 - 0x00007ffaf1783000 	C:\Windows\System32\profapi.dll
0x00007ffaf16f0000 - 0x00007ffaf173a000 	C:\Windows\System32\powrprof.dll
0x00007ffaf16e0000 - 0x00007ffaf16f0000 	C:\Windows\System32\UMPDC.dll
0x00007ffaf4190000 - 0x00007ffaf41e2000 	C:\Windows\System32\shlwapi.dll
0x00007ffaf28b0000 - 0x00007ffaf28c7000 	C:\Windows\System32\cryptsp.dll
0x00007ffaca310000 - 0x00007ffaca31e000 	C:\Program Files\Java\jdk-13.0.2\bin\sunmscapi.dll
0x00007ffaf1930000 - 0x00007ffaf1a79000 	C:\Windows\System32\CRYPT32.dll
0x00007ffaf1740000 - 0x00007ffaf1752000 	C:\Windows\System32\MSASN1.dll
0x00007ffaf1220000 - 0x00007ffaf1246000 	C:\Windows\SYSTEM32\ncrypt.dll
0x00007ffaf2540000 - 0x00007ffaf2566000 	C:\Windows\System32\bcrypt.dll
0x00007ffaf11e0000 - 0x00007ffaf121b000 	C:\Windows\SYSTEM32\NTASN1.dll
0x00007ffab8430000 - 0x00007ffab8455000 	C:\Program Files\Java\jdk-13.0.2\bin\sunec.dll
0x00007ffab9120000 - 0x00007ffab9139000 	C:\Program Files\Java\jdk-13.0.2\bin\net.dll
0x00007ffaebbe0000 - 0x00007ffaebcd0000 	C:\Windows\SYSTEM32\WINHTTP.dll
0x00007ffaf0f50000 - 0x00007ffaf0fb7000 	C:\Windows\system32\mswsock.dll
0x00007ffab8550000 - 0x00007ffab8563000 	C:\Program Files\Java\jdk-13.0.2\bin\nio.dll
0x00007ffaf0ac0000 - 0x00007ffaf0af3000 	C:\Windows\system32\rsaenh.dll
0x00007ffaf1600000 - 0x00007ffaf1625000 	C:\Windows\SYSTEM32\USERENV.dll
0x00007ffaf1120000 - 0x00007ffaf112c000 	C:\Windows\SYSTEM32\CRYPTBASE.dll
0x00007ffaf0c60000 - 0x00007ffaf0c9a000 	C:\Windows\SYSTEM32\IPHLPAPI.DLL
0x00007ffaf4660000 - 0x00007ffaf4668000 	C:\Windows\System32\NSI.dll
0x00007ffaeace0000 - 0x00007ffaeacf6000 	C:\Windows\SYSTEM32\dhcpcsvc6.DLL
0x00007ffaeafc0000 - 0x00007ffaeafdc000 	C:\Windows\SYSTEM32\dhcpcsvc.DLL
0x00007ffaf0cf0000 - 0x00007ffaf0dba000 	C:\Windows\SYSTEM32\DNSAPI.dll

dbghelp: loaded successfully - version: 4.0.5 - missing functions: none
symbol engine: initialized successfully - sym options: 0x614 - pdb path: .;C:\Program Files\Java\jdk-13.0.2\bin;C:\Windows\SYSTEM32;C:\Windows\WinSxS\amd64_microsoft.windows.common-controls_6595b64144ccf1df_6.0.18362.778_none_e6c6b761130d4fb8;C:\Program Files\Java\jdk-13.0.2\bin\server

VM Arguments:
jvm_args: -Dfile.encoding=Cp1251 
java_command: des1.JEncrytion
java_class_path (initial): C:\Users\HP\eclipse-workspace\Kursach\bin
Launcher Type: SUN_STANDARD

[Global flags]
     intx CICompilerCount                          = 3                                         {product} {ergonomic}
     uint ConcGCThreads                            = 1                                         {product} {ergonomic}
     uint G1ConcRefinementThreads                  = 4                                         {product} {ergonomic}
   size_t G1HeapRegionSize                         = 1048576                                   {product} {ergonomic}
    uintx GCDrainStackTargetSize                   = 64                                        {product} {ergonomic}
   size_t InitialHeapSize                          = 134217728                                 {product} {ergonomic}
   size_t MarkStackSize                            = 4194304                                   {product} {ergonomic}
   size_t MaxHeapSize                              = 2118123520                                {product} {ergonomic}
   size_t MaxNewSize                               = 1270874112                                {product} {ergonomic}
   size_t MinHeapDeltaBytes                        = 1048576                                   {product} {ergonomic}
   size_t MinHeapSize                              = 8388608                                   {product} {ergonomic}
    uintx NonNMethodCodeHeapSize                   = 5832780                                {pd product} {ergonomic}
    uintx NonProfiledCodeHeapSize                  = 122912730                              {pd product} {ergonomic}
    uintx ProfiledCodeHeapSize                     = 122912730                              {pd product} {ergonomic}
    uintx ReservedCodeCacheSize                    = 251658240                              {pd product} {ergonomic}
     bool SegmentedCodeCache                       = true                                      {product} {ergonomic}
   size_t SoftMaxHeapSize                          = 2118123520                             {manageable} {ergonomic}
     bool UseCompressedClassPointers               = true                                 {lp64_product} {ergonomic}
     bool UseCompressedOops                        = true                                 {lp64_product} {ergonomic}
     bool UseG1GC                                  = true                                      {product} {ergonomic}
     bool UseLargePagesIndividualAllocation        = false                                  {pd product} {ergonomic}

Logging:
Log output configuration:
 #0: stdout all=warning uptime,level,tags
 #1: stderr all=off uptime,level,tags

Environment Variables:
PATH=C:/Program Files/Java/jdk-13.0.2/bin/server;C:/Program Files/Java/jdk-13.0.2/bin;C:\Program Files (x86)\Common Files\Intel\Shared Libraries\redist\intel64\compiler;C:\Windows\system32;C:\Windows;C:\Windows\System32\Wbem;C:\Windows\System32\WindowsPowerShell\v1.0\;C:\Program Files\Microsoft SQL Server\Client SDK\ODBC\170\Tools\Binn\;C:\Program Files (x86)\Microsoft SQL Server\150\Tools\Binn\;C:\Program Files\Microsoft SQL Server\150\Tools\Binn\;C:\Program Files\Microsoft SQL Server\150\DTS\Binn\;C:\Program Files (x86)\Microsoft SQL Server\150\DTS\Binn\;C:\Program Files\dotnet\;C:\Program Files\Microsoft SQL Server\130\Tools\Binn\;C:\Users\HP\AppData\Local\Microsoft\WindowsApps;;C:\Users\HP\Desktop;
USERNAME=HP
OS=Windows_NT
PROCESSOR_IDENTIFIER=Intel64 Family 6 Model 158 Stepping 9, GenuineIntel



---------------  S Y S T E M  ---------------

OS: Windows 10 , 64 bit Build 18362 (10.0.18362.778)

CPU:total 4 (initial active 4) (4 cores per cpu, 1 threads per core) family 6 model 158 stepping 9, cmov, cx8, fxsr, mmx, sse, sse2, sse3, ssse3, sse4.1, sse4.2, popcnt, avx, avx2, aes, clmul, erms, 3dnowpref, lzcnt, tsc, tscinvbit, bmi1, bmi2, adx, fma

Memory: 4k page, system-wide physical 8077M (1708M free)
TotalPageFile size 32653M (AvailPageFile size 13M)
current process WorkingSet (physical memory assigned to process): 37M, peak: 37M
current process commit charge ("private bytes"): 208M, peak: 208M

vm_info: Java HotSpot(TM) 64-Bit Server VM (13.0.2+8) for windows-amd64 JRE (13.0.2+8), built on Dec 11 2019 09:20:33 by "mach5one" with unknown MS VC++:1916

END.
